------------------------ /usr/share/modules/modulefiles ------------------------
dot  gcc/12.1.0  module-git  module-info  modules  null  use.own  
cmake version 3.27.8

CMake suite maintained and supported by Kitware (kitware.com/cmake).
-- The CXX compiler identification is GNU 12.1.0
-- Detecting CXX compiler ABI info
-- Detecting CXX compiler ABI info - done
-- Check for working CXX compiler: /opt/gcc-12.1.0/bin/c++ - skipped
-- Detecting CXX compile features
-- Detecting CXX compile features - done
-- The C compiler identification is GNU 12.1.0
-- Detecting C compiler ABI info
-- Detecting C compiler ABI info - done
-- Check for working C compiler: /opt/gcc-12.1.0/bin/gcc - skipped
-- Detecting C compile features
-- Detecting C compile features - done
-- Found Python3: /usr/bin/python3.9 (found version "3.9.2") found components: Interpreter 
-- Performing Test CMAKE_HAVE_LIBC_PTHREAD
-- Performing Test CMAKE_HAVE_LIBC_PTHREAD - Failed
-- Looking for pthread_create in pthreads
-- Looking for pthread_create in pthreads - not found
-- Looking for pthread_create in pthread
-- Looking for pthread_create in pthread - found
-- Found Threads: TRUE  
-- Configuring done (14.3s)
-- Generating done (1.2s)
-- Build files have been written to: /home/alumnos/a0383194/proyecto/build
[ 15%] Building CXX object _deps/googletest-build/googletest/CMakeFiles/gtest.dir/src/gtest-all.cc.o
[ 15%] Building CXX object ftest/CMakeFiles/ftest.dir/test1.cpp.o
[ 15%] Building CXX object sim/soa/CMakeFiles/soa.dir/block_soa.cpp.o
[ 15%] Building CXX object sim/soa/CMakeFiles/soa.dir/grid_soa.cpp.o
[ 19%] Linking CXX executable ftest
[ 19%] Built target ftest
[ 23%] Linking CXX static library libsoa.a
[ 23%] Built target soa
[ 34%] Building CXX object sim/CMakeFiles/sim.dir/progargs.cpp.o
[ 34%] Building CXX object sim/CMakeFiles/sim.dir/grid.cpp.o
[ 34%] Building CXX object sim/CMakeFiles/sim.dir/block.cpp.o
[ 38%] Linking CXX static library ../../../lib/libgtest.a
[ 38%] Built target gtest
[ 46%] Building CXX object _deps/googletest-build/googlemock/CMakeFiles/gmock.dir/src/gmock-all.cc.o
[ 46%] Building CXX object _deps/googletest-build/googletest/CMakeFiles/gtest_main.dir/src/gtest_main.cc.o
[ 50%] Linking CXX static library ../../../lib/libgtest_main.a
[ 50%] Built target gtest_main
[ 53%] Linking CXX static library ../../../lib/libgmock.a
[ 53%] Built target gmock
[ 57%] Building CXX object _deps/googletest-build/googlemock/CMakeFiles/gmock_main.dir/src/gmock_main.cc.o
[ 61%] Linking CXX static library ../../../lib/libgmock_main.a
[ 61%] Built target gmock_main
/home/alumnos/a0383194/proyecto/sim/block.cpp:36:15: error: variable name 'id' is too short, expected at least 3 characters [readability-identifier-length,-warnings-as-errors]
   36 |   for (auto & id : particlesID) {
      |               ^
/home/alumnos/a0383194/proyecto/sim/block.cpp:44:70: error: do not use 'std::endl' with streams; use '\n' instead [performance-avoid-endl,-warnings-as-errors]
   44 |       std::cerr << "Error: Índice de partícula fuera de rango." << std::endl;
      |                                                                    ^~~~~~~~~
      |                                                                    '\n'
/home/alumnos/a0383194/proyecto/sim/block.cpp:56:5: error: variable 'dxB' of type 'double' can be declared 'const' [misc-const-correctness,-warnings-as-errors]
   56 |     double dxB = particle1.posX - particle2.posX;
      |     ^
      |            const 
/home/alumnos/a0383194/proyecto/sim/block.cpp:57:5: error: variable 'dyB' of type 'double' can be declared 'const' [misc-const-correctness,-warnings-as-errors]
   57 |     double dyB = particle1.posY - particle2.posY;
      |     ^
      |            const 
/home/alumnos/a0383194/proyecto/sim/block.cpp:58:5: error: variable 'dzB' of type 'double' can be declared 'const' [misc-const-correctness,-warnings-as-errors]
   58 |     double dzB = particle1.posZ - particle2.posZ;
      |     ^
      |            const 
/home/alumnos/a0383194/proyecto/sim/block.cpp:60:5: error: variable 'distanceSquared' of type 'double' can be declared 'const' [misc-const-correctness,-warnings-as-errors]
   60 |     double distanceSquared = dxB * dxB + dyB * dyB + dzB * dzB;
      |     ^
      |            const 
/home/alumnos/a0383194/proyecto/sim/block.cpp:63:7: error: variable 'hSquareMinusDistSquared' of type 'double' can be declared 'const' [misc-const-correctness,-warnings-as-errors]
   63 |       double hSquareMinusDistSquared = data.h_square - distanceSquared;
      |       ^
      |              const 
/home/alumnos/a0383194/proyecto/sim/block.cpp:64:7: error: variable 'incremDensityPair' of type 'double' can be declared 'const' [misc-const-correctness,-warnings-as-errors]
   64 |       double incremDensityPair =
      |       ^
      |              const 
/home/alumnos/a0383194/proyecto/sim/block.cpp:87:5: error: variable 'dxB' of type 'double' can be declared 'const' [misc-const-correctness,-warnings-as-errors]
   87 |     double dxB = particle1.posX - particle2.posX;
      |     ^
      |            const 
/home/alumnos/a0383194/proyecto/sim/block.cpp:88:5: error: variable 'dyB' of type 'double' can be declared 'const' [misc-const-correctness,-warnings-as-errors]
   88 |     double dyB = particle1.posY - particle2.posY;
      |     ^
      |            const 
/home/alumnos/a0383194/proyecto/sim/block.cpp:89:5: error: variable 'dzB' of type 'double' can be declared 'const' [misc-const-correctness,-warnings-as-errors]
   89 |     double dzB = particle1.posZ - particle2.posZ;
      |     ^
      |            const 
/home/alumnos/a0383194/proyecto/sim/block.cpp:91:5: error: variable 'distanceSquared' of type 'double' can be declared 'const' [misc-const-correctness,-warnings-as-errors]
   91 |     double distanceSquared = dxB * dxB + dyB * dyB + dzB * dzB;
      |     ^
      |            const 
/home/alumnos/a0383194/proyecto/sim/block.cpp:94:7: error: variable 'hSquareMinusDistSquared' of type 'double' can be declared 'const' [misc-const-correctness,-warnings-as-errors]
   94 |       double hSquareMinusDistSquared = data.h_square - distanceSquared;
      |       ^
      |              const 
/home/alumnos/a0383194/proyecto/sim/block.cpp:95:7: error: variable 'incremDensityPair' of type 'double' can be declared 'const' [misc-const-correctness,-warnings-as-errors]
   95 |       double incremDensityPair =
      |       ^
      |              const 
/home/alumnos/a0383194/proyecto/sim/block.cpp:115:23: error: function 'calculate_increm_aceleration' exceeds recommended size/complexity thresholds [readability-function-size,-warnings-as-errors]
  115 | vector<double> Block::calculate_increm_aceleration(vector<double> position, vector<double> velocity,
      |                       ^
/home/alumnos/a0383194/proyecto/sim/block.cpp:115:23: note: 27 lines including whitespace and comments (threshold 25)
/home/alumnos/a0383194/proyecto/sim/block.cpp:170:12: error: redundant boolean literal in conditional return statement [readability-simplify-boolean-expr,-warnings-as-errors]
  168 |   if (pow((p1.posX - p2.posX), 2) + pow((p1.posY - p2.posY), 2) + pow((p1.posZ - p2.posZ), 2) <
      |   ~~~~~~~~~~~~~~~~~~~~~~~~~~~~~~~~~~~~~~~~~~~~~~~~~~~~~~~~~~~~~~~~~~~~~~~~~~~~~~~~~~~~~~~~~~~~~
  169 |       pow(data.long_suavizado, 2)) {
      |       ~~~~~~~~~~~~~~~~~~~~~~~~~~~~~~
  170 |     return true;
      |     ~~~~~~~^~~~~
  171 |   }
      |   ~
  172 |   return false;
      |   ~~~~~~~~~~~~
/home/alumnos/a0383194/proyecto/sim/block.cpp:191:7: error: variable 'dist' of type 'double' can be declared 'const' [misc-const-correctness,-warnings-as-errors]
  191 |       double dist = calculate_dist((*particles)[pair.first].posX - (*particles)[pair.second].posX,
      |       ^
      |              const 
/home/alumnos/a0383194/proyecto/sim/block.cpp:195:7: error: variable 'position' of type 'vector<double>' can be declared 'const' [misc-const-correctness,-warnings-as-errors]
  195 |       vector<double> position = {(*particles)[pair.first].posX - (*particles)[pair.second].posX,
      |       ^
      |                      const 
/home/alumnos/a0383194/proyecto/sim/block.cpp:199:7: error: variable 'velocity' of type 'vector<double>' can be declared 'const' [misc-const-correctness,-warnings-as-errors]
  199 |       vector<double> velocity = {(*particles)[pair.second].velX - (*particles)[pair.first].velX,
      |       ^
      |                      const 
/home/alumnos/a0383194/proyecto/sim/block.cpp:203:7: error: variable 'Bid' of type 'vector<int>' can be declared 'const' [misc-const-correctness,-warnings-as-errors]
  203 |       vector<int> Bid = {pair.first, pair.second};
      |       ^
      |                   const 
/home/alumnos/a0383194/proyecto/sim/block.cpp:217:5: error: variable 'cord_x' of type 'double' can be declared 'const' [misc-const-correctness,-warnings-as-errors]
  217 |     double cord_x = (*particles)[Bid].posX + (*particles)[Bid].smoothVecX * PASO_TIEMPO;
      |     ^
      |            const 
/home/alumnos/a0383194/proyecto/sim/block.cpp:239:5: error: variable 'cord_y' of type 'double' can be declared 'const' [misc-const-correctness,-warnings-as-errors]
  239 |     double cord_y = (*particles)[Bid].posY + (*particles)[Bid].smoothVecY * PASO_TIEMPO;
      |     ^
      |            const 
/home/alumnos/a0383194/proyecto/sim/block.cpp:261:5: error: variable 'cord_z' of type 'double' can be declared 'const' [misc-const-correctness,-warnings-as-errors]
  261 |     double cord_z = (*particles)[Bid].posZ + (*particles)[Bid].smoothVecZ * PASO_TIEMPO;
      |     ^
      |            const 
/home/alumnos/a0383194/proyecto/sim/block.hpp:27:49: error: 4 adjacent parameters of 'Block' of similar type ('std::vector<double> &') are easily swapped by mistake [bugprone-easily-swappable-parameters,-warnings-as-errors]
   27 |     Block(std::vector<Particle> & particlesRef, std::vector<double> & densityRef,
      |                                                 ^~~~~~~~~~~~~~~~~~~~~~~~~~~~~~~~~
   28 |           std::vector<double> & accelerationXRef, std::vector<double> & accelerationYRef,
      |           ~~~~~~~~~~~~~~~~~~~~~~~~~~~~~~~~~~~~~~~~~~~~~~~~~~~~~~~~~~~~~~~~~~~~~~~~~~~~~~~
   29 |           std::vector<double> & accelerationZRef)
      |           ~~~~~~~~~~~~~~~~~~~~~~~~~~~~~~~~~~~~~~
/home/alumnos/a0383194/proyecto/sim/block.hpp:27:71: note: the first parameter in the range is 'densityRef'
   27 |     Block(std::vector<Particle> & particlesRef, std::vector<double> & densityRef,
      |                                                                       ^~~~~~~~~~
/home/alumnos/a0383194/proyecto/sim/block.hpp:29:33: note: the last parameter in the range is 'accelerationZRef'
   29 |           std::vector<double> & accelerationZRef)
      |                                 ^~~~~~~~~~~~~~~~
/home/alumnos/a0383194/proyecto/sim/block.hpp:30:39: error: initializer for member 'particlesID' is redundant [readability-redundant-member-init,-warnings-as-errors]
   30 |           : particles(&particlesRef), particlesID(), data(), accelerationX(&accelerationXRef),
      |                                       ^~~~~~~~~~~~~
/home/alumnos/a0383194/proyecto/sim/block.hpp:61:5: error: function 'calculate_increm_aceleration' should be marked [[nodiscard]] [modernize-use-nodiscard,-warnings-as-errors]
   61 |     std::vector<double> calculate_increm_aceleration(std::vector<double> position,
      |     ^
      |     [[nodiscard]] 
/home/alumnos/a0383194/proyecto/sim/block.hpp:66:5: error: function 'distClose' should be marked [[nodiscard]] [modernize-use-nodiscard,-warnings-as-errors]
   66 |     bool distClose(Particle p1, Particle p2) const;
      |     ^
      |     [[nodiscard]] 
90185 warnings generated.
Suppressed 90158 warnings (90158 in non-user code).
Use -header-filter=.* to display errors from all non-system headers. Use -system-headers to display errors from system headers as well.
27 warnings treated as errors
gmake[2]: *** [sim/CMakeFiles/sim.dir/build.make:104: sim/CMakeFiles/sim.dir/block.cpp.o] Error 1
gmake[2]: *** Se espera a que terminen otras tareas....
/home/alumnos/a0383194/proyecto/sim/progargs.cpp:13:70: error: do not use 'endl' with streams; use '\n' instead [performance-avoid-endl,-warnings-as-errors]
   13 |     cerr << "Error: Invalid number of arguments: " << num_params  << endl;
      |                                                                      ^~~~
      |                                                                      '\n'
/home/alumnos/a0383194/proyecto/sim/progargs.cpp:24:8: error: variable 'c' of type 'char' can be declared 'const' [misc-const-correctness,-warnings-as-errors]
   24 |   for (char c : num_iter) {
      |        ^
      |             const 
/home/alumnos/a0383194/proyecto/sim/progargs.cpp:24:13: error: variable name 'c' is too short, expected at least 3 characters [readability-identifier-length,-warnings-as-errors]
   24 |   for (char c : num_iter) {
      |             ^
/home/alumnos/a0383194/proyecto/sim/progargs.cpp:27:12: error: implicit conversion 'int' -> bool [readability-implicit-bool-conversion,-warnings-as-errors]
   27 |       if (!isdigit(c) && c != '-') {
      |           ~^
      |           (           == 0)
/home/alumnos/a0383194/proyecto/sim/progargs.cpp:28:57: error: do not use 'endl' with streams; use '\n' instead [performance-avoid-endl,-warnings-as-errors]
   28 |         cerr << "Error: time steps must be numeric." << endl;
      |                                                         ^~~~
      |                                                         '\n'
/home/alumnos/a0383194/proyecto/sim/progargs.cpp:34:12: error: implicit conversion 'int' -> bool [readability-implicit-bool-conversion,-warnings-as-errors]
   34 |       if (!isdigit(c)) {
      |           ~^         
      |                       == 0
/home/alumnos/a0383194/proyecto/sim/progargs.cpp:35:57: error: do not use 'endl' with streams; use '\n' instead [performance-avoid-endl,-warnings-as-errors]
   35 |         cerr << "Error: time steps must be numeric." << endl;
      |                                                         ^~~~
      |                                                         '\n'
/home/alumnos/a0383194/proyecto/sim/progargs.cpp:45:3: error: variable 'pasos' of type 'int' can be declared 'const' [misc-const-correctness,-warnings-as-errors]
   45 |   int pasos = stoi(num_iter);
      |   ^
      |       const 
/home/alumnos/a0383194/proyecto/sim/progargs.cpp:49:55: error: do not use 'endl' with streams; use '\n' instead [performance-avoid-endl,-warnings-as-errors]
   49 |     cerr << "Error: Invalid number of time steps." << endl;
      |                                                       ^~~~
      |                                                       '\n'
/home/alumnos/a0383194/proyecto/sim/progargs.cpp:60:65: error: do not use 'endl' with streams; use '\n' instead [performance-avoid-endl,-warnings-as-errors]
   60 |     cerr << "Error: Cannot open " << input << " for reading" << endl;
      |                                                                 ^~~~
      |                                                                 '\n'
/home/alumnos/a0383194/proyecto/sim/progargs.cpp:71:70: error: do not use 'endl' with streams; use '\n' instead [performance-avoid-endl,-warnings-as-errors]
   71 |         cerr << "Error: Cannot open " << output << " for writing" << endl;
      |                                                                      ^~~~
      |                                                                      '\n'
/home/alumnos/a0383194/proyecto/sim/progargs.cpp:76:66: error: do not use 'endl' with streams; use '\n' instead [performance-avoid-endl,-warnings-as-errors]
   76 |     cerr << "Error: Cannot open " << output << " for writing" << endl;
      |                                                                  ^~~~
      |                                                                  '\n'
/home/alumnos/a0383194/proyecto/sim/progargs.cpp:85:73: error: do not use 'endl' with streams; use '\n' instead [performance-avoid-endl,-warnings-as-errors]
   85 |     cerr << "Error: Invalid number of particles: " << num_particulas << endl;
      |                                                                         ^~~~
      |                                                                         '\n'
/home/alumnos/a0383194/proyecto/sim/progargs.cpp:86:13: error: 5 is a magic number; consider replacing it with a named constant [cppcoreguidelines-avoid-magic-numbers,readability-magic-numbers,-warnings-as-errors]
   86 |     return -5;
      |             ^
/home/alumnos/a0383194/proyecto/sim/progargs.cpp:96:118: error: do not use 'endl' with streams; use '\n' instead [performance-avoid-endl,-warnings-as-errors]
   96 |     cerr << "Error: Number of particles mismatch. Header: " << num_particles << ", Found: " << particles_contadas << endl;
      |                                                                                                                      ^~~~
      |                                                                                                                      '\n'
/home/alumnos/a0383194/proyecto/sim/progargs.cpp:97:13: error: 5 is a magic number; consider replacing it with a named constant [cppcoreguidelines-avoid-magic-numbers,readability-magic-numbers,-warnings-as-errors]
   97 |     return -5;
      |             ^
/home/alumnos/a0383194/proyecto/sim/progargs.cpp:105:47: error: do not use 'endl' with streams; use '\n' instead [performance-avoid-endl,-warnings-as-errors]
  105 |     cerr << "No se pudo abrir el archivo." << endl; 
      |                                               ^~~~
      |                                               '\n'
/home/alumnos/a0383194/proyecto/sim/progargs.cpp:107:9: error: variable 'ppm' is not initialized [cppcoreguidelines-init-variables,-warnings-as-errors]
    2 |   float ppm;
      |         ^  
      |             = NAN
/home/alumnos/a0383194/proyecto/sim/progargs.cpp:108:7: error: variable 'num_particles' is not initialized [cppcoreguidelines-init-variables,-warnings-as-errors]
  108 |   int num_particles;
      |       ^            
      |                     = 0
/home/alumnos/a0383194/proyecto/sim/progargs.cpp:109:16: error: do not use reinterpret_cast [cppcoreguidelines-pro-type-reinterpret-cast,-warnings-as-errors]
  109 |   fichero.read(reinterpret_cast<char *>(&ppm), sizeof(float)); //Lectura del particulas per meter
      |                ^
/home/alumnos/a0383194/proyecto/sim/progargs.cpp:110:16: error: do not use reinterpret_cast [cppcoreguidelines-pro-type-reinterpret-cast,-warnings-as-errors]
  110 |   fichero.read(reinterpret_cast<char *>(&num_particles), sizeof(int)); //Lectura del numero de particulas
      |                ^
/home/alumnos/a0383194/proyecto/sim/progargs.cpp:111:3: error: variable 'resultado' of type 'int' can be declared 'const' [misc-const-correctness,-warnings-as-errors]
  111 |   int resultado = iniciacion_simulacion(num_particles);//Comprobacion de iniciacion_simulacion
      |   ^
      |       const 
/home/alumnos/a0383194/proyecto/sim/progargs.cpp:113:72: error: do not use 'endl' with streams; use '\n' instead [performance-avoid-endl,-warnings-as-errors]
  113 |     cerr << "Error: Invalid number of particles: " << num_particles << endl;
      |                                                                        ^~~~
      |                                                                        '\n'
/home/alumnos/a0383194/proyecto/sim/progargs.cpp:118:3: error: do not declare C-style arrays, use std::array<> instead [cppcoreguidelines-avoid-c-arrays,modernize-avoid-c-arrays,-warnings-as-errors]
  118 |   float particle_data[9]; 
      |   ^
/home/alumnos/a0383194/proyecto/sim/progargs.cpp:118:23: error: 9 is a magic number; consider replacing it with a named constant [cppcoreguidelines-avoid-magic-numbers,readability-magic-numbers,-warnings-as-errors]
  118 |   float particle_data[9]; 
      |                       ^
/home/alumnos/a0383194/proyecto/sim/progargs.cpp:119:23: error: do not use reinterpret_cast [cppcoreguidelines-pro-type-reinterpret-cast,-warnings-as-errors]
  119 |   while (fichero.read(reinterpret_cast<char *>(&particle_data), size_of_particle)) { 
      |                       ^
/home/alumnos/a0383194/proyecto/sim/progargs.cpp:122:3: error: variable 'resultado_comp' of type 'int' can be declared 'const' [misc-const-correctness,-warnings-as-errors]
  122 |   int resultado_comp = comparacion_cantidad_particulas(num_particles, particles_contadas); //Comprobacion de la cantidad de particulas
      |   ^
      |       const 
/home/alumnos/a0383194/proyecto/sim/progargs.cpp:124:118: error: do not use 'endl' with streams; use '\n' instead [performance-avoid-endl,-warnings-as-errors]
  124 |     cerr << "Error: Number of particles mismatch. Header: " << num_particles << ", Found: " << particles_contadas << endl;
      |                                                                                                                      ^~~~
      |                                                                                                                      '\n'
/home/alumnos/a0383194/proyecto/sim/progargs.cpp:130:25: error: 3 adjacent parameters of 'proargs_validations' of similar type ('const string &') are easily swapped by mistake [bugprone-easily-swappable-parameters,-warnings-as-errors]
  130 | int proargs_validations(string const & num_iter, string const & input,string const & output) {         
      |                         ^~~~~~~~~~~~~~~~~~~~~~~~~~~~~~~~~~~~~~~~~~~~~~~~~~~~~~~~~~~~~~~~~~~
/home/alumnos/a0383194/proyecto/sim/progargs.cpp:130:40: note: the first parameter in the range is 'num_iter'
  130 | int proargs_validations(string const & num_iter, string const & input,string const & output) {         
      |                                        ^~~~~~~~
/home/alumnos/a0383194/proyecto/sim/progargs.cpp:130:86: note: the last parameter in the range is 'output'
  130 | int proargs_validations(string const & num_iter, string const & input,string const & output) {         
      |                                                                                      ^~~~~~
/home/alumnos/a0383194/proyecto/sim/progargs.cpp:134:63: error: 5 is a magic number; consider replacing it with a named constant [cppcoreguidelines-avoid-magic-numbers,readability-magic-numbers,-warnings-as-errors]
  134 |   if (comprobacion_archivo_escritura(output) == -4) { return -5; }   // Archivo de salida
      |                                                               ^
/home/alumnos/a0383194/proyecto/sim/progargs.cpp:135:39: error: 5 is a magic number; consider replacing it with a named constant [cppcoreguidelines-avoid-magic-numbers,readability-magic-numbers,-warnings-as-errors]
  135 |   if (leer_archivo_entrada(input) == -5) { return -6; } //Numero de particulas 
      |                                       ^
/home/alumnos/a0383194/proyecto/sim/progargs.cpp:135:52: error: 6 is a magic number; consider replacing it with a named constant [cppcoreguidelines-avoid-magic-numbers,readability-magic-numbers,-warnings-as-errors]
  135 |   if (leer_archivo_entrada(input) == -5) { return -6; } //Numero de particulas 
      |                                                    ^
/home/alumnos/a0383194/proyecto/sim/progargs.cpp:142:55: error: do not use 'endl' with streams; use '\n' instead [performance-avoid-endl,-warnings-as-errors]
  142 |   cout << "Number of particles: " << num_particles << endl;
      |                                                       ^~~~
      |                                                       '\n'
/home/alumnos/a0383194/proyecto/sim/progargs.cpp:143:45: error: do not use 'endl' with streams; use '\n' instead [performance-avoid-endl,-warnings-as-errors]
  143 |   cout << "Particles per meter: " << ppm << endl;
      |                                             ^~~~
      |                                             '\n'
/home/alumnos/a0383194/proyecto/sim/progargs.cpp:144:85: error: do not use 'endl' with streams; use '\n' instead [performance-avoid-endl,-warnings-as-errors]
  144 |   cout << "Smoothing length: " << MULTIPLICADOR_RADIO / static_cast<double>(ppm) << endl;
      |                                                                                     ^~~~
      |                                                                                     '\n'
/home/alumnos/a0383194/proyecto/sim/progargs.cpp:145:66: error: do not use 'endl' with streams; use '\n' instead [performance-avoid-endl,-warnings-as-errors]
  145 |   cout << "Particle mass: " << DENSIDAD_FLUIDO * pow(ppm, -3) << endl;
      |                                                                  ^~~~
      |                                                                  '\n'
/home/alumnos/a0383194/proyecto/sim/progargs.cpp:151:112: error: do not use 'endl' with streams; use '\n' instead [performance-avoid-endl,-warnings-as-errors]
  151 |             << floor((LIMITE_SUPERIOR_RECINTO_Z - LIMITE_INFERIOR_RECINTO_Z) / (MULTIPLICADOR_RADIO / ppm)) << endl;
      |                                                                                                                ^~~~
      |                                                                                                                '\n'
/home/alumnos/a0383194/proyecto/sim/progargs.cpp:153:302: error: do not use 'endl' with streams; use '\n' instead [performance-avoid-endl,-warnings-as-errors]
  153 |             << floor((LIMITE_SUPERIOR_RECINTO_X - LIMITE_INFERIOR_RECINTO_X) / (MULTIPLICADOR_RADIO / ppm)) * floor((LIMITE_SUPERIOR_RECINTO_Y - LIMITE_INFERIOR_RECINTO_Y) / (MULTIPLICADOR_RADIO / ppm)) * floor((LIMITE_SUPERIOR_RECINTO_Z - LIMITE_INFERIOR_RECINTO_Z) / (MULTIPLICADOR_RADIO / ppm)) << endl;
      |                                                                                                                                                                                                                                                                                                              ^~~~
      |                                                                                                                                                                                                                                                                                                              '\n'
/home/alumnos/a0383194/proyecto/sim/progargs.cpp:159:170: error: do not use 'endl' with streams; use '\n' instead [performance-avoid-endl,-warnings-as-errors]
  159 |             << (LIMITE_SUPERIOR_RECINTO_Z - LIMITE_INFERIOR_RECINTO_Z) / floor((LIMITE_SUPERIOR_RECINTO_Z - LIMITE_INFERIOR_RECINTO_Z) / (MULTIPLICADOR_RADIO / ppm)) << endl;
      |                                                                                                                                                                          ^~~~
      |                                                                                                                                                                          '\n'
/home/alumnos/a0383194/proyecto/sim/progargs.hpp:14:5: error: function 'comprobacion_num_param' has a definition with different parameter names [readability-inconsistent-declaration-parameter-name,-warnings-as-errors]
   14 | int comprobacion_num_param(int argc);
      |     ^
/home/alumnos/a0383194/proyecto/sim/progargs.cpp:6:5: note: the definition seen here
    6 | int comprobacion_num_param(int num_params) {
      |     ^
/home/alumnos/a0383194/proyecto/sim/progargs.hpp:14:5: note: differing parameters are named here: ('argc'), in definition: ('num_params')
   14 | int comprobacion_num_param(int argc);
      |     ^                          ~~~~
      |                                num_params
/home/alumnos/a0383194/proyecto/sim/progargs.hpp:15:5: error: function 'comprobacion_primer_argumento' has a definition with different parameter names [readability-inconsistent-declaration-parameter-name,-warnings-as-errors]
   15 | int comprobacion_primer_argumento(std::string const & arg1);
      |     ^
/home/alumnos/a0383194/proyecto/sim/progargs.cpp:19:5: note: the definition seen here
   19 | int comprobacion_primer_argumento(string const & num_iter) {
      |     ^
/home/alumnos/a0383194/proyecto/sim/progargs.hpp:15:5: note: differing parameters are named here: ('arg1'), in definition: ('num_iter')
   15 | int comprobacion_primer_argumento(std::string const & arg1);
      |     ^                                                 ~~~~
      |                                                       num_iter
/home/alumnos/a0383194/proyecto/sim/progargs.hpp:16:5: error: function 'comprobacion_pasos_tiempo' has a definition with different parameter names [readability-inconsistent-declaration-parameter-name,-warnings-as-errors]
   16 | int comprobacion_pasos_tiempo(std::string const & arg1);
      |     ^
/home/alumnos/a0383194/proyecto/sim/progargs.cpp:44:5: note: the definition seen here
   44 | int comprobacion_pasos_tiempo(string const & num_iter) {
      |     ^
/home/alumnos/a0383194/proyecto/sim/progargs.hpp:16:5: note: differing parameters are named here: ('arg1'), in definition: ('num_iter')
   16 | int comprobacion_pasos_tiempo(std::string const & arg1);
      |     ^                                             ~~~~
      |                                                   num_iter
/home/alumnos/a0383194/proyecto/sim/progargs.hpp:17:5: error: function 'comprobacion_archivo_lectura' has a definition with different parameter names [readability-inconsistent-declaration-parameter-name,-warnings-as-errors]
   17 | int comprobacion_archivo_lectura(std::string const & arg2);
      |     ^
/home/alumnos/a0383194/proyecto/sim/progargs.cpp:55:5: note: the definition seen here
   55 | int comprobacion_archivo_lectura(string const & input) {
      |     ^
/home/alumnos/a0383194/proyecto/sim/progargs.hpp:17:5: note: differing parameters are named here: ('arg2'), in definition: ('input')
   17 | int comprobacion_archivo_lectura(std::string const & arg2);
      |     ^                                                ~~~~
      |                                                      input
/home/alumnos/a0383194/proyecto/sim/progargs.hpp:18:5: error: function 'comprobacion_archivo_escritura' has a definition with different parameter names [readability-inconsistent-declaration-parameter-name,-warnings-as-errors]
   18 | int comprobacion_archivo_escritura(std::string const & arg3);
      |     ^
/home/alumnos/a0383194/proyecto/sim/progargs.cpp:66:5: note: the definition seen here
   66 | int comprobacion_archivo_escritura(string const & output) {
      |     ^
/home/alumnos/a0383194/proyecto/sim/progargs.hpp:18:5: note: differing parameters are named here: ('arg3'), in definition: ('output')
   18 | int comprobacion_archivo_escritura(std::string const & arg3);
      |     ^                                                  ~~~~
      |                                                        output
/home/alumnos/a0383194/proyecto/sim/progargs.hpp:22:5: error: function 'proargs_validations' has a definition with different parameter names [readability-inconsistent-declaration-parameter-name,-warnings-as-errors]
   22 | int proargs_validations(std::string const & arg1, std::string const & arg2,
      |     ^
/home/alumnos/a0383194/proyecto/sim/progargs.cpp:130:5: note: the definition seen here
  130 | int proargs_validations(string const & num_iter, string const & input,string const & output) {         
      |     ^
/home/alumnos/a0383194/proyecto/sim/progargs.hpp:22:5: note: differing parameters are named here: ('arg1', 'arg2', 'arg3'), in definition: ('num_iter', 'input', 'output')
   22 | int proargs_validations(std::string const & arg1, std::string const & arg2,
      |     ^                                       ~~~~                      ~~~~
      |                                             num_iter                  input
   23 |                         std::string const & arg3);
      |                                             ~~~~
      |                                             output
85930 warnings generated.
Suppressed 85878 warnings (85878 in non-user code).
Use -header-filter=.* to display errors from all non-system headers. Use -system-headers to display errors from system headers as well.
45 warnings treated as errors
gmake[2]: *** [sim/CMakeFiles/sim.dir/build.make:76: sim/CMakeFiles/sim.dir/progargs.cpp.o] Error 1
/home/alumnos/a0383194/proyecto/sim/block.hpp:27:49: error: 4 adjacent parameters of 'Block' of similar type ('std::vector<double> &') are easily swapped by mistake [bugprone-easily-swappable-parameters,-warnings-as-errors]
   27 |     Block(std::vector<Particle> & particlesRef, std::vector<double> & densityRef,
      |                                                 ^~~~~~~~~~~~~~~~~~~~~~~~~~~~~~~~~
   28 |           std::vector<double> & accelerationXRef, std::vector<double> & accelerationYRef,
      |           ~~~~~~~~~~~~~~~~~~~~~~~~~~~~~~~~~~~~~~~~~~~~~~~~~~~~~~~~~~~~~~~~~~~~~~~~~~~~~~~
   29 |           std::vector<double> & accelerationZRef)
      |           ~~~~~~~~~~~~~~~~~~~~~~~~~~~~~~~~~~~~~~
/home/alumnos/a0383194/proyecto/sim/block.hpp:27:71: note: the first parameter in the range is 'densityRef'
   27 |     Block(std::vector<Particle> & particlesRef, std::vector<double> & densityRef,
      |                                                                       ^~~~~~~~~~
/home/alumnos/a0383194/proyecto/sim/block.hpp:29:33: note: the last parameter in the range is 'accelerationZRef'
   29 |           std::vector<double> & accelerationZRef)
      |                                 ^~~~~~~~~~~~~~~~
/home/alumnos/a0383194/proyecto/sim/block.hpp:30:39: error: initializer for member 'particlesID' is redundant [readability-redundant-member-init,-warnings-as-errors]
   30 |           : particles(&particlesRef), particlesID(), data(), accelerationX(&accelerationXRef),
      |                                       ^~~~~~~~~~~~~
/home/alumnos/a0383194/proyecto/sim/block.hpp:61:5: error: function 'calculate_increm_aceleration' should be marked [[nodiscard]] [modernize-use-nodiscard,-warnings-as-errors]
   61 |     std::vector<double> calculate_increm_aceleration(std::vector<double> position,
      |     ^
      |     [[nodiscard]] 
/home/alumnos/a0383194/proyecto/sim/block.hpp:66:5: error: function 'distClose' should be marked [[nodiscard]] [modernize-use-nodiscard,-warnings-as-errors]
   66 |     bool distClose(Particle p1, Particle p2) const;
      |     ^
      |     [[nodiscard]] 
/home/alumnos/a0383194/proyecto/sim/grid.cpp:42:32: error: 6 is a magic number; consider replacing it with a named constant [cppcoreguidelines-avoid-magic-numbers,readability-magic-numbers,-warnings-as-errors]
   42 |   data.h_pow6         = pow(h, 6);
      |                                ^
/home/alumnos/a0383194/proyecto/sim/grid.cpp:216:3: error: do not declare C-style arrays, use std::array<> instead [cppcoreguidelines-avoid-c-arrays,modernize-avoid-c-arrays,-warnings-as-errors]
  216 |   float buffer[particleAttr] = {
      |   ^
/home/alumnos/a0383194/proyecto/sim/grid.cpp:253:3: error: use range-based for loop instead [modernize-loop-convert,-warnings-as-errors]
  253 |   for (size_t i = 0; i < particles.size(); ++i) {
      |   ^   ~~~~~~~~~~~~~~~~~~~~~~~~~~~~~~~~~~~~~~~~~
      |       (auto & particle : particles)
  254 |     std::cout << "ID: " << particles[i].id << ", ";
      |                            ~~~~~~~~~~~~
      |                            particle
  255 |     std::cout << "Posición (" << particles[i].posX << ", " << particles[i].posY << ", "
      |                                  ~~~~~~~~~~~~                 ~~~~~~~~~~~~
      |                                  particle                     particle
  256 |               << particles[i].posZ << "), ";
      |                  ~~~~~~~~~~~~
      |                  particle
  257 |     std::cout << "Vector de suavizado (" << particles[i].smoothVecX << ", "
      |                                             ~~~~~~~~~~~~
      |                                             particle
  258 |               << particles[i].smoothVecY << ", " << particles[i].smoothVecZ << "), ";
      |                  ~~~~~~~~~~~~                       ~~~~~~~~~~~~
      |                  particle                           particle
  259 |     std::cout << "Velocidad (" << particles[i].velX << ", " << particles[i].velY << ", "
      |                                   ~~~~~~~~~~~~                 ~~~~~~~~~~~~
      |                                   particle                     particle
  260 |               << particles[i].velZ << ")"
      |                  ~~~~~~~~~~~~
      |                  particle
/home/alumnos/a0383194/proyecto/sim/grid.cpp:376:7: error: variable name 'cy' is too short, expected at least 3 characters [readability-identifier-length,-warnings-as-errors]
  376 |   int cy = 0;
      |       ^
/home/alumnos/a0383194/proyecto/sim/grid.cpp:388:7: error: variable name 'cz' is too short, expected at least 3 characters [readability-identifier-length,-warnings-as-errors]
  388 |   int cz = 0;
      |       ^
/home/alumnos/a0383194/proyecto/sim/grid.cpp:426:7: error: variable name 'cy' is too short, expected at least 3 characters [readability-identifier-length,-warnings-as-errors]
  426 |   int cy = 0;
      |       ^
/home/alumnos/a0383194/proyecto/sim/grid.cpp:438:7: error: variable name 'cz' is too short, expected at least 3 characters [readability-identifier-length,-warnings-as-errors]
  438 |   int cz = 0;
      |       ^
97026 warnings generated.
Suppressed 97020 warnings (97013 in non-user code, 7 NOLINT).
Use -header-filter=.* to display errors from all non-system headers. Use -system-headers to display errors from system headers as well.
11 warnings treated as errors
gmake[2]: *** [sim/CMakeFiles/sim.dir/build.make:90: sim/CMakeFiles/sim.dir/grid.cpp.o] Error 1
gmake[1]: *** [CMakeFiles/Makefile2:362: sim/CMakeFiles/sim.dir/all] Error 2
gmake: *** [Makefile:146: all] Error 2
